system   D            wsystem.c:583  maybe_parent_dir                 [   0.00060] Also searching D:\Users\Ed Starkey\Google Drive\YSU Spring 2015\CSIS 3700\Project 1\
system   D            wsystem.c:633  _al_win_safe_load_library        [   0.00084] PathFindOnPath found: C:\Windows\system32\d3d9.dll
system   D            wsystem.c:544  load_library_at_path             [   0.00086] Calling LoadLibrary C:\Windows\system32\d3d9.dll
system   I            wsystem.c:547  load_library_at_path             [  -0.07875] Loaded C:\Windows\system32\d3d9.dll
d3d      I         d3d_disp.cpp:696  _al_d3d_init_display             [  -0.04680] Render-to-texture: 1
system   I             system.c:252  al_install_system                [  -0.04674] Allegro version: 5.0.10
d3d      I         d3d_disp.cpp:1737 d3d_create_display_locked        [  -0.04235] faux_fullscreen=0
d3d      D         d3d_disp.cpp:1738 d3d_create_display_locked        [  -0.04231] al_display=029193B0
d3d      D         d3d_disp.cpp:1739 d3d_create_display_locked        [  -0.04229] al_display->vt=029192E8
d3d      I d3d_display_formats.cpp:144  _al_d3d_generate_display_format_list [  -0.02113] found 288 format combinations
display  D   display_settings.c:191  debug_display_settings           [  -0.02109] color: 32 (rgba 8880), depth: 0, stencil: 0, acc: 0000, samples: 0/0
display  D   display_settings.c:227  _al_score_display_settings       [  -0.02107] Vsync requirement not met.
display  D   display_settings.c:191  debug_display_settings           [  -0.02104] color: 32 (rgba 8880), depth: 0, stencil: 0, acc: 0000, samples: 0/0
display  D   display_settings.c:227  _al_score_display_settings       [  -0.02102] Vsync requirement not met.
display  D   display_settings.c:191  debug_display_settings           [  -0.02100] color: 32 (rgba 8880), depth: 0, stencil: 0, acc: 0000, samples: 2/1
display  D   display_settings.c:227  _al_score_display_settings       [  -0.02097] Vsync requirement not met.
display  D   display_settings.c:191  debug_display_settings           [  -0.02095] color: 32 (rgba 8880), depth: 0, stencil: 0, acc: 0000, samples: 3/1
display  D   display_settings.c:227  _al_score_display_settings       [  -0.02093] Vsync requirement not met.
display  D   display_settings.c:191  debug_display_settings           [  -0.02091] color: 32 (rgba 8880), depth: 0, stencil: 0, acc: 0000, samples: 4/1
display  D   display_settings.c:227  _al_score_display_settings       [  -0.02088] Vsync requirement not met.
display  D   display_settings.c:191  debug_display_settings           [  -0.02086] color: 32 (rgba 8880), depth: 0, stencil: 0, acc: 0000, samples: 5/1
display  D   display_settings.c:227  _al_score_display_settings       [  -0.02083] Vsync requirement not met.
display  D   display_settings.c:191  debug_display_settings           [  -0.02081] color: 32 (rgba 8880), depth: 0, stencil: 0, acc: 0000, samples: 6/1
display  D   display_settings.c:227  _al_score_display_settings       [  -0.02079] Vsync requirement not met.
display  D   display_settings.c:191  debug_display_settings           [  -0.02077] color: 32 (rgba 8880), depth: 0, stencil: 0, acc: 0000, samples: 7/1
display  D   display_settings.c:227  _al_score_display_settings       [  -0.02074] Vsync requirement not met.
display  D   display_settings.c:191  debug_display_settings           [  -0.02072] color: 32 (rgba 8880), depth: 0, stencil: 0, acc: 0000, samples: 8/1
display  D   display_settings.c:227  _al_score_display_settings       [  -0.02070] Vsync requirement not met.
display  D   display_settings.c:191  debug_display_settings           [  -0.02068] color: 32 (rgba 8880), depth: 24, stencil: 8, acc: 0000, samples: 0/0
display  D   display_settings.c:227  _al_score_display_settings       [  -0.02066] Vsync requirement not met.
display  D   display_settings.c:191  debug_display_settings           [  -0.02063] color: 32 (rgba 8880), depth: 24, stencil: 8, acc: 0000, samples: 0/0
display  D   display_settings.c:227  _al_score_display_settings       [  -0.02061] Vsync requirement not met.
display  D   display_settings.c:191  debug_display_settings           [  -0.02055] color: 32 (rgba 8880), depth: 24, stencil: 8, acc: 0000, samples: 2/1
display  D   display_settings.c:227  _al_score_display_settings       [  -0.02052] Vsync requirement not met.
display  D   display_settings.c:191  debug_display_settings           [  -0.02050] color: 32 (rgba 8880), depth: 24, stencil: 8, acc: 0000, samples: 3/1
display  D   display_settings.c:227  _al_score_display_settings       [  -0.02047] Vsync requirement not met.
display  D   display_settings.c:191  debug_display_settings           [  -0.02045] color: 32 (rgba 8880), depth: 24, stencil: 8, acc: 0000, samples: 4/1
display  D   display_settings.c:227  _al_score_display_settings       [  -0.02043] Vsync requirement not met.
display  D   display_settings.c:191  debug_display_settings           [  -0.02041] color: 32 (rgba 8880), depth: 24, stencil: 8, acc: 0000, samples: 5/1
display  D   display_settings.c:227  _al_score_display_settings       [  -0.02039] Vsync requirement not met.
display  D   display_settings.c:191  debug_display_settings           [  -0.02037] color: 32 (rgba 8880), depth: 24, stencil: 8, acc: 0000, samples: 6/1
display  D   display_settings.c:227  _al_score_display_settings       [  -0.02034] Vsync requirement not met.
display  D   display_settings.c:191  debug_display_settings           [  -0.02032] color: 32 (rgba 8880), depth: 24, stencil: 8, acc: 0000, samples: 7/1
display  D   display_settings.c:227  _al_score_display_settings       [  -0.02030] Vsync requirement not met.
display  D   display_settings.c:191  debug_display_settings           [  -0.02028] color: 32 (rgba 8880), depth: 24, stencil: 8, acc: 0000, samples: 8/1
display  D   display_settings.c:227  _al_score_display_settings       [  -0.02025] Vsync requirement not met.
display  D   display_settings.c:191  debug_display_settings           [  -0.02023] color: 32 (rgba 8880), depth: 24, stencil: 0, acc: 0000, samples: 0/0
display  D   display_settings.c:227  _al_score_display_settings       [  -0.02021] Vsync requirement not met.
display  D   display_settings.c:191  debug_display_settings           [  -0.02019] color: 32 (rgba 8880), depth: 24, stencil: 0, acc: 0000, samples: 0/0
display  D   display_settings.c:227  _al_score_display_settings       [  -0.02017] Vsync requirement not met.
display  D   display_settings.c:191  debug_display_settings           [  -0.02015] color: 32 (rgba 8880), depth: 24, stencil: 0, acc: 0000, samples: 2/1
display  D   display_settings.c:227  _al_score_display_settings       [  -0.02012] Vsync requirement not met.
display  D   display_settings.c:191  debug_display_settings           [  -0.02010] color: 32 (rgba 8880), depth: 24, stencil: 0, acc: 0000, samples: 3/1
display  D   display_settings.c:227  _al_score_display_settings       [  -0.02008] Vsync requirement not met.
display  D   display_settings.c:191  debug_display_settings           [  -0.02006] color: 32 (rgba 8880), depth: 24, stencil: 0, acc: 0000, samples: 4/1
display  D   display_settings.c:227  _al_score_display_settings       [  -0.02004] Vsync requirement not met.
display  D   display_settings.c:191  debug_display_settings           [  -0.02002] color: 32 (rgba 8880), depth: 24, stencil: 0, acc: 0000, samples: 5/1
display  D   display_settings.c:227  _al_score_display_settings       [  -0.01999] Vsync requirement not met.
display  D   display_settings.c:191  debug_display_settings           [  -0.01997] color: 32 (rgba 8880), depth: 24, stencil: 0, acc: 0000, samples: 6/1
display  D   display_settings.c:227  _al_score_display_settings       [  -0.01995] Vsync requirement not met.
display  D   display_settings.c:191  debug_display_settings           [  -0.01993] color: 32 (rgba 8880), depth: 24, stencil: 0, acc: 0000, samples: 7/1
display  D   display_settings.c:227  _al_score_display_settings       [  -0.01991] Vsync requirement not met.
display  D   display_settings.c:191  debug_display_settings           [  -0.01988] color: 32 (rgba 8880), depth: 24, stencil: 0, acc: 0000, samples: 8/1
display  D   display_settings.c:227  _al_score_display_settings       [  -0.01985] Vsync requirement not met.
display  D   display_settings.c:191  debug_display_settings           [  -0.01983] color: 32 (rgba 8880), depth: 16, stencil: 0, acc: 0000, samples: 0/0
display  D   display_settings.c:227  _al_score_display_settings       [  -0.01981] Vsync requirement not met.
display  D   display_settings.c:191  debug_display_settings           [  -0.01979] color: 32 (rgba 8880), depth: 16, stencil: 0, acc: 0000, samples: 0/0
display  D   display_settings.c:227  _al_score_display_settings       [  -0.01976] Vsync requirement not met.
display  D   display_settings.c:191  debug_display_settings           [  -0.01974] color: 32 (rgba 8880), depth: 16, stencil: 0, acc: 0000, samples: 2/1
display  D   display_settings.c:227  _al_score_display_settings       [  -0.01972] Vsync requirement not met.
display  D   display_settings.c:191  debug_display_settings           [  -0.01970] color: 32 (rgba 8880), depth: 16, stencil: 0, acc: 0000, samples: 3/1
display  D   display_settings.c:227  _al_score_display_settings       [  -0.01968] Vsync requirement not met.
display  D   display_settings.c:191  debug_display_settings           [  -0.01966] color: 32 (rgba 8880), depth: 16, stencil: 0, acc: 0000, samples: 4/1
display  D   display_settings.c:227  _al_score_display_settings       [  -0.01963] Vsync requirement not met.
display  D   display_settings.c:191  debug_display_settings           [  -0.01961] color: 32 (rgba 8880), depth: 16, stencil: 0, acc: 0000, samples: 5/1
display  D   display_settings.c:227  _al_score_display_settings       [  -0.01959] Vsync requirement not met.
display  D   display_settings.c:191  debug_display_settings           [  -0.01957] color: 32 (rgba 8880), depth: 16, stencil: 0, acc: 0000, samples: 6/1
display  D   display_settings.c:227  _al_score_display_settings       [  -0.01955] Vsync requirement not met.
display  D   display_settings.c:191  debug_display_settings           [  -0.01953] color: 32 (rgba 8880), depth: 16, stencil: 0, acc: 0000, samples: 7/1
display  D   display_settings.c:227  _al_score_display_settings       [  -0.01950] Vsync requirement not met.
display  D   display_settings.c:191  debug_display_settings           [  -0.01948] color: 32 (rgba 8880), depth: 16, stencil: 0, acc: 0000, samples: 8/1
display  D   display_settings.c:227  _al_score_display_settings       [  -0.01946] Vsync requirement not met.
display  D   display_settings.c:191  debug_display_settings           [  -0.01944] color: 16 (rgba 5650), depth: 0, stencil: 0, acc: 0000, samples: 0/0
display  D   display_settings.c:227  _al_score_display_settings       [  -0.01941] Vsync requirement not met.
display  D   display_settings.c:191  debug_display_settings           [  -0.01939] color: 16 (rgba 5650), depth: 0, stencil: 0, acc: 0000, samples: 0/0
display  D   display_settings.c:227  _al_score_display_settings       [  -0.01937] Vsync requirement not met.
display  D   display_settings.c:191  debug_display_settings           [  -0.01935] color: 16 (rgba 5650), depth: 0, stencil: 0, acc: 0000, samples: 2/1
display  D   display_settings.c:227  _al_score_display_settings       [  -0.01933] Vsync requirement not met.
display  D   display_settings.c:191  debug_display_settings           [  -0.01931] color: 16 (rgba 5650), depth: 0, stencil: 0, acc: 0000, samples: 3/1
display  D   display_settings.c:227  _al_score_display_settings       [  -0.01928] Vsync requirement not met.
display  D   display_settings.c:191  debug_display_settings           [  -0.01926] color: 16 (rgba 5650), depth: 0, stencil: 0, acc: 0000, samples: 4/1
display  D   display_settings.c:227  _al_score_display_settings       [  -0.01924] Vsync requirement not met.
display  D   display_settings.c:191  debug_display_settings           [  -0.01922] color: 16 (rgba 5650), depth: 0, stencil: 0, acc: 0000, samples: 5/1
display  D   display_settings.c:227  _al_score_display_settings       [  -0.01920] Vsync requirement not met.
display  D   display_settings.c:191  debug_display_settings           [  -0.01918] color: 16 (rgba 5650), depth: 0, stencil: 0, acc: 0000, samples: 6/1
display  D   display_settings.c:227  _al_score_display_settings       [  -0.01915] Vsync requirement not met.
display  D   display_settings.c:191  debug_display_settings           [  -0.01913] color: 16 (rgba 5650), depth: 0, stencil: 0, acc: 0000, samples: 7/1
display  D   display_settings.c:227  _al_score_display_settings       [  -0.01911] Vsync requirement not met.
display  D   display_settings.c:191  debug_display_settings           [  -0.01909] color: 16 (rgba 5650), depth: 0, stencil: 0, acc: 0000, samples: 8/1
display  D   display_settings.c:227  _al_score_display_settings       [  -0.01906] Vsync requirement not met.
display  D   display_settings.c:191  debug_display_settings           [  -0.01904] color: 16 (rgba 5650), depth: 24, stencil: 8, acc: 0000, samples: 0/0
display  D   display_settings.c:227  _al_score_display_settings       [  -0.01902] Vsync requirement not met.
display  D   display_settings.c:191  debug_display_settings           [  -0.01900] color: 16 (rgba 5650), depth: 24, stencil: 8, acc: 0000, samples: 0/0
display  D   display_settings.c:227  _al_score_display_settings       [  -0.01897] Vsync requirement not met.
display  D   display_settings.c:191  debug_display_settings           [  -0.01895] color: 16 (rgba 5650), depth: 24, stencil: 8, acc: 0000, samples: 2/1
display  D   display_settings.c:227  _al_score_display_settings       [  -0.01893] Vsync requirement not met.
display  D   display_settings.c:191  debug_display_settings           [  -0.01891] color: 16 (rgba 5650), depth: 24, stencil: 8, acc: 0000, samples: 3/1
display  D   display_settings.c:227  _al_score_display_settings       [  -0.01889] Vsync requirement not met.
display  D   display_settings.c:191  debug_display_settings           [  -0.01887] color: 16 (rgba 5650), depth: 24, stencil: 8, acc: 0000, samples: 4/1
display  D   display_settings.c:227  _al_score_display_settings       [  -0.01883] Vsync requirement not met.
display  D   display_settings.c:191  debug_display_settings           [  -0.01881] color: 16 (rgba 5650), depth: 24, stencil: 8, acc: 0000, samples: 5/1
display  D   display_settings.c:227  _al_score_display_settings       [  -0.01878] Vsync requirement not met.
display  D   display_settings.c:191  debug_display_settings           [  -0.01876] color: 16 (rgba 5650), depth: 24, stencil: 8, acc: 0000, samples: 6/1
display  D   display_settings.c:227  _al_score_display_settings       [  -0.01874] Vsync requirement not met.
display  D   display_settings.c:191  debug_display_settings           [  -0.01872] color: 16 (rgba 5650), depth: 24, stencil: 8, acc: 0000, samples: 7/1
display  D   display_settings.c:227  _al_score_display_settings       [  -0.01869] Vsync requirement not met.
display  D   display_settings.c:191  debug_display_settings           [  -0.01867] color: 16 (rgba 5650), depth: 24, stencil: 8, acc: 0000, samples: 8/1
display  D   display_settings.c:227  _al_score_display_settings       [  -0.01865] Vsync requirement not met.
display  D   display_settings.c:191  debug_display_settings           [  -0.01863] color: 16 (rgba 5650), depth: 24, stencil: 0, acc: 0000, samples: 0/0
display  D   display_settings.c:227  _al_score_display_settings       [  -0.01861] Vsync requirement not met.
display  D   display_settings.c:191  debug_display_settings           [  -0.01859] color: 16 (rgba 5650), depth: 24, stencil: 0, acc: 0000, samples: 0/0
display  D   display_settings.c:227  _al_score_display_settings       [  -0.01856] Vsync requirement not met.
display  D   display_settings.c:191  debug_display_settings           [  -0.01854] color: 16 (rgba 5650), depth: 24, stencil: 0, acc: 0000, samples: 2/1
display  D   display_settings.c:227  _al_score_display_settings       [  -0.01852] Vsync requirement not met.
display  D   display_settings.c:191  debug_display_settings           [  -0.01850] color: 16 (rgba 5650), depth: 24, stencil: 0, acc: 0000, samples: 3/1
display  D   display_settings.c:227  _al_score_display_settings       [  -0.01846] Vsync requirement not met.
display  D   display_settings.c:191  debug_display_settings           [  -0.01843] color: 16 (rgba 5650), depth: 24, stencil: 0, acc: 0000, samples: 4/1
display  D   display_settings.c:227  _al_score_display_settings       [  -0.01841] Vsync requirement not met.
display  D   display_settings.c:191  debug_display_settings           [  -0.01839] color: 16 (rgba 5650), depth: 24, stencil: 0, acc: 0000, samples: 5/1
display  D   display_settings.c:227  _al_score_display_settings       [  -0.01837] Vsync requirement not met.
display  D   display_settings.c:191  debug_display_settings           [  -0.01835] color: 16 (rgba 5650), depth: 24, stencil: 0, acc: 0000, samples: 6/1
display  D   display_settings.c:227  _al_score_display_settings       [  -0.01832] Vsync requirement not met.
display  D   display_settings.c:191  debug_display_settings           [  -0.01830] color: 16 (rgba 5650), depth: 24, stencil: 0, acc: 0000, samples: 7/1
display  D   display_settings.c:227  _al_score_display_settings       [  -0.01828] Vsync requirement not met.
display  D   display_settings.c:191  debug_display_settings           [  -0.01826] color: 16 (rgba 5650), depth: 24, stencil: 0, acc: 0000, samples: 8/1
display  D   display_settings.c:227  _al_score_display_settings       [  -0.01824] Vsync requirement not met.
display  D   display_settings.c:191  debug_display_settings           [  -0.01822] color: 16 (rgba 5650), depth: 16, stencil: 0, acc: 0000, samples: 0/0
display  D   display_settings.c:227  _al_score_display_settings       [  -0.01819] Vsync requirement not met.
display  D   display_settings.c:191  debug_display_settings           [  -0.01817] color: 16 (rgba 5650), depth: 16, stencil: 0, acc: 0000, samples: 0/0
display  D   display_settings.c:227  _al_score_display_settings       [  -0.01815] Vsync requirement not met.
display  D   display_settings.c:191  debug_display_settings           [  -0.01813] color: 16 (rgba 5650), depth: 16, stencil: 0, acc: 0000, samples: 2/1
display  D   display_settings.c:227  _al_score_display_settings       [  -0.01811] Vsync requirement not met.
display  D   display_settings.c:191  debug_display_settings           [  -0.01809] color: 16 (rgba 5650), depth: 16, stencil: 0, acc: 0000, samples: 3/1
display  D   display_settings.c:227  _al_score_display_settings       [  -0.01806] Vsync requirement not met.
display  D   display_settings.c:191  debug_display_settings           [  -0.01804] color: 16 (rgba 5650), depth: 16, stencil: 0, acc: 0000, samples: 4/1
display  D   display_settings.c:227  _al_score_display_settings       [  -0.01802] Vsync requirement not met.
display  D   display_settings.c:191  debug_display_settings           [  -0.01800] color: 16 (rgba 5650), depth: 16, stencil: 0, acc: 0000, samples: 5/1
display  D   display_settings.c:227  _al_score_display_settings       [  -0.01798] Vsync requirement not met.
display  D   display_settings.c:191  debug_display_settings           [  -0.01796] color: 16 (rgba 5650), depth: 16, stencil: 0, acc: 0000, samples: 6/1
display  D   display_settings.c:227  _al_score_display_settings       [  -0.01793] Vsync requirement not met.
display  D   display_settings.c:191  debug_display_settings           [  -0.01791] color: 16 (rgba 5650), depth: 16, stencil: 0, acc: 0000, samples: 7/1
display  D   display_settings.c:227  _al_score_display_settings       [  -0.01789] Vsync requirement not met.
display  D   display_settings.c:191  debug_display_settings           [  -0.01787] color: 16 (rgba 5650), depth: 16, stencil: 0, acc: 0000, samples: 8/1
display  D   display_settings.c:227  _al_score_display_settings       [  -0.01784] Vsync requirement not met.
display  D   display_settings.c:191  debug_display_settings           [  -0.01782] color: 32 (rgba 8880), depth: 0, stencil: 0, acc: 0000, samples: 0/0
display  D   display_settings.c:227  _al_score_display_settings       [  -0.01779] Vsync requirement not met.
display  D   display_settings.c:191  debug_display_settings           [  -0.01777] color: 32 (rgba 8880), depth: 0, stencil: 0, acc: 0000, samples: 0/0
display  D   display_settings.c:227  _al_score_display_settings       [  -0.01774] Vsync requirement not met.
display  D   display_settings.c:191  debug_display_settings           [  -0.01772] color: 32 (rgba 8880), depth: 0, stencil: 0, acc: 0000, samples: 2/1
display  D   display_settings.c:227  _al_score_display_settings       [  -0.01770] Vsync requirement not met.
display  D   display_settings.c:191  debug_display_settings           [  -0.01768] color: 32 (rgba 8880), depth: 0, stencil: 0, acc: 0000, samples: 3/1
display  D   display_settings.c:227  _al_score_display_settings       [  -0.01765] Vsync requirement not met.
display  D   display_settings.c:191  debug_display_settings           [  -0.01763] color: 32 (rgba 8880), depth: 0, stencil: 0, acc: 0000, samples: 4/1
display  D   display_settings.c:227  _al_score_display_settings       [  -0.01761] Vsync requirement not met.
display  D   display_settings.c:191  debug_display_settings           [  -0.01759] color: 32 (rgba 8880), depth: 0, stencil: 0, acc: 0000, samples: 5/1
display  D   display_settings.c:227  _al_score_display_settings       [  -0.01757] Vsync requirement not met.
display  D   display_settings.c:191  debug_display_settings           [  -0.01755] color: 32 (rgba 8880), depth: 0, stencil: 0, acc: 0000, samples: 6/1
display  D   display_settings.c:227  _al_score_display_settings       [  -0.01752] Vsync requirement not met.
display  D   display_settings.c:191  debug_display_settings           [  -0.01750] color: 32 (rgba 8880), depth: 0, stencil: 0, acc: 0000, samples: 7/1
display  D   display_settings.c:227  _al_score_display_settings       [  -0.01748] Vsync requirement not met.
display  D   display_settings.c:191  debug_display_settings           [  -0.01746] color: 32 (rgba 8880), depth: 0, stencil: 0, acc: 0000, samples: 8/1
display  D   display_settings.c:227  _al_score_display_settings       [  -0.01744] Vsync requirement not met.
display  D   display_settings.c:191  debug_display_settings           [  -0.01741] color: 32 (rgba 8880), depth: 24, stencil: 8, acc: 0000, samples: 0/0
display  D   display_settings.c:227  _al_score_display_settings       [  -0.01739] Vsync requirement not met.
display  D   display_settings.c:191  debug_display_settings           [  -0.01737] color: 32 (rgba 8880), depth: 24, stencil: 8, acc: 0000, samples: 0/0
display  D   display_settings.c:227  _al_score_display_settings       [  -0.01735] Vsync requirement not met.
display  D   display_settings.c:191  debug_display_settings           [  -0.01733] color: 32 (rgba 8880), depth: 24, stencil: 8, acc: 0000, samples: 2/1
display  D   display_settings.c:227  _al_score_display_settings       [  -0.01730] Vsync requirement not met.
display  D   display_settings.c:191  debug_display_settings           [  -0.01728] color: 32 (rgba 8880), depth: 24, stencil: 8, acc: 0000, samples: 3/1
display  D   display_settings.c:227  _al_score_display_settings       [  -0.01726] Vsync requirement not met.
display  D   display_settings.c:191  debug_display_settings           [  -0.01724] color: 32 (rgba 8880), depth: 24, stencil: 8, acc: 0000, samples: 4/1
display  D   display_settings.c:227  _al_score_display_settings       [  -0.01722] Vsync requirement not met.
display  D   display_settings.c:191  debug_display_settings           [  -0.01720] color: 32 (rgba 8880), depth: 24, stencil: 8, acc: 0000, samples: 5/1
display  D   display_settings.c:227  _al_score_display_settings       [  -0.01717] Vsync requirement not met.
display  D   display_settings.c:191  debug_display_settings           [  -0.01715] color: 32 (rgba 8880), depth: 24, stencil: 8, acc: 0000, samples: 6/1
display  D   display_settings.c:227  _al_score_display_settings       [  -0.01713] Vsync requirement not met.
display  D   display_settings.c:191  debug_display_settings           [  -0.01711] color: 32 (rgba 8880), depth: 24, stencil: 8, acc: 0000, samples: 7/1
display  D   display_settings.c:227  _al_score_display_settings       [  -0.01708] Vsync requirement not met.
display  D   display_settings.c:191  debug_display_settings           [  -0.01706] color: 32 (rgba 8880), depth: 24, stencil: 8, acc: 0000, samples: 8/1
display  D   display_settings.c:227  _al_score_display_settings       [  -0.01704] Vsync requirement not met.
display  D   display_settings.c:191  debug_display_settings           [  -0.01702] color: 32 (rgba 8880), depth: 24, stencil: 0, acc: 0000, samples: 0/0
display  D   display_settings.c:227  _al_score_display_settings       [  -0.01700] Vsync requirement not met.
display  D   display_settings.c:191  debug_display_settings           [  -0.01698] color: 32 (rgba 8880), depth: 24, stencil: 0, acc: 0000, samples: 0/0
display  D   display_settings.c:227  _al_score_display_settings       [  -0.01695] Vsync requirement not met.
display  D   display_settings.c:191  debug_display_settings           [  -0.01693] color: 32 (rgba 8880), depth: 24, stencil: 0, acc: 0000, samples: 2/1
display  D   display_settings.c:227  _al_score_display_settings       [  -0.01691] Vsync requirement not met.
display  D   display_settings.c:191  debug_display_settings           [  -0.01689] color: 32 (rgba 8880), depth: 24, stencil: 0, acc: 0000, samples: 3/1
display  D   display_settings.c:227  _al_score_display_settings       [  -0.01687] Vsync requirement not met.
display  D   display_settings.c:191  debug_display_settings           [  -0.01684] color: 32 (rgba 8880), depth: 24, stencil: 0, acc: 0000, samples: 4/1
display  D   display_settings.c:227  _al_score_display_settings       [  -0.01682] Vsync requirement not met.
display  D   display_settings.c:191  debug_display_settings           [  -0.01680] color: 32 (rgba 8880), depth: 24, stencil: 0, acc: 0000, samples: 5/1
display  D   display_settings.c:227  _al_score_display_settings       [  -0.01677] Vsync requirement not met.
display  D   display_settings.c:191  debug_display_settings           [  -0.01675] color: 32 (rgba 8880), depth: 24, stencil: 0, acc: 0000, samples: 6/1
display  D   display_settings.c:227  _al_score_display_settings       [  -0.01672] Vsync requirement not met.
display  D   display_settings.c:191  debug_display_settings           [  -0.01670] color: 32 (rgba 8880), depth: 24, stencil: 0, acc: 0000, samples: 7/1
display  D   display_settings.c:227  _al_score_display_settings       [  -0.01668] Vsync requirement not met.
display  D   display_settings.c:191  debug_display_settings           [  -0.01666] color: 32 (rgba 8880), depth: 24, stencil: 0, acc: 0000, samples: 8/1
display  D   display_settings.c:227  _al_score_display_settings       [  -0.01664] Vsync requirement not met.
display  D   display_settings.c:191  debug_display_settings           [  -0.01661] color: 32 (rgba 8880), depth: 16, stencil: 0, acc: 0000, samples: 0/0
display  D   display_settings.c:227  _al_score_display_settings       [  -0.01659] Vsync requirement not met.
display  D   display_settings.c:191  debug_display_settings           [  -0.01657] color: 32 (rgba 8880), depth: 16, stencil: 0, acc: 0000, samples: 0/0
display  D   display_settings.c:227  _al_score_display_settings       [  -0.01655] Vsync requirement not met.
display  D   display_settings.c:191  debug_display_settings           [  -0.01653] color: 32 (rgba 8880), depth: 16, stencil: 0, acc: 0000, samples: 2/1
display  D   display_settings.c:227  _al_score_display_settings       [  -0.01650] Vsync requirement not met.
display  D   display_settings.c:191  debug_display_settings           [  -0.01648] color: 32 (rgba 8880), depth: 16, stencil: 0, acc: 0000, samples: 3/1
display  D   display_settings.c:227  _al_score_display_settings       [  -0.01646] Vsync requirement not met.
display  D   display_settings.c:191  debug_display_settings           [  -0.01644] color: 32 (rgba 8880), depth: 16, stencil: 0, acc: 0000, samples: 4/1
display  D   display_settings.c:227  _al_score_display_settings       [  -0.01642] Vsync requirement not met.
display  D   display_settings.c:191  debug_display_settings           [  -0.01639] color: 32 (rgba 8880), depth: 16, stencil: 0, acc: 0000, samples: 5/1
display  D   display_settings.c:227  _al_score_display_settings       [  -0.01637] Vsync requirement not met.
display  D   display_settings.c:191  debug_display_settings           [  -0.01635] color: 32 (rgba 8880), depth: 16, stencil: 0, acc: 0000, samples: 6/1
display  D   display_settings.c:227  _al_score_display_settings       [  -0.01633] Vsync requirement not met.
display  D   display_settings.c:191  debug_display_settings           [  -0.01631] color: 32 (rgba 8880), depth: 16, stencil: 0, acc: 0000, samples: 7/1
display  D   display_settings.c:227  _al_score_display_settings       [  -0.01628] Vsync requirement not met.
display  D   display_settings.c:191  debug_display_settings           [  -0.01626] color: 32 (rgba 8880), depth: 16, stencil: 0, acc: 0000, samples: 8/1
display  D   display_settings.c:227  _al_score_display_settings       [  -0.01624] Vsync requirement not met.
display  D   display_settings.c:191  debug_display_settings           [  -0.01622] color: 16 (rgba 5650), depth: 0, stencil: 0, acc: 0000, samples: 0/0
display  D   display_settings.c:227  _al_score_display_settings       [  -0.01619] Vsync requirement not met.
display  D   display_settings.c:191  debug_display_settings           [  -0.01617] color: 16 (rgba 5650), depth: 0, stencil: 0, acc: 0000, samples: 0/0
display  D   display_settings.c:227  _al_score_display_settings       [  -0.01615] Vsync requirement not met.
display  D   display_settings.c:191  debug_display_settings           [  -0.01613] color: 16 (rgba 5650), depth: 0, stencil: 0, acc: 0000, samples: 2/1
display  D   display_settings.c:227  _al_score_display_settings       [  -0.01611] Vsync requirement not met.
display  D   display_settings.c:191  debug_display_settings           [  -0.01609] color: 16 (rgba 5650), depth: 0, stencil: 0, acc: 0000, samples: 3/1
display  D   display_settings.c:227  _al_score_display_settings       [  -0.01606] Vsync requirement not met.
display  D   display_settings.c:191  debug_display_settings           [  -0.01604] color: 16 (rgba 5650), depth: 0, stencil: 0, acc: 0000, samples: 4/1
display  D   display_settings.c:227  _al_score_display_settings       [  -0.01602] Vsync requirement not met.
display  D   display_settings.c:191  debug_display_settings           [  -0.01600] color: 16 (rgba 5650), depth: 0, stencil: 0, acc: 0000, samples: 5/1
display  D   display_settings.c:227  _al_score_display_settings       [  -0.01598] Vsync requirement not met.
display  D   display_settings.c:191  debug_display_settings           [  -0.01596] color: 16 (rgba 5650), depth: 0, stencil: 0, acc: 0000, samples: 6/1
display  D   display_settings.c:227  _al_score_display_settings       [  -0.01593] Vsync requirement not met.
display  D   display_settings.c:191  debug_display_settings           [  -0.01591] color: 16 (rgba 5650), depth: 0, stencil: 0, acc: 0000, samples: 7/1
display  D   display_settings.c:227  _al_score_display_settings       [  -0.01589] Vsync requirement not met.
display  D   display_settings.c:191  debug_display_settings           [  -0.01587] color: 16 (rgba 5650), depth: 0, stencil: 0, acc: 0000, samples: 8/1
display  D   display_settings.c:227  _al_score_display_settings       [  -0.01585] Vsync requirement not met.
display  D   display_settings.c:191  debug_display_settings           [  -0.01583] color: 16 (rgba 5650), depth: 24, stencil: 8, acc: 0000, samples: 0/0
display  D   display_settings.c:227  _al_score_display_settings       [  -0.01580] Vsync requirement not met.
display  D   display_settings.c:191  debug_display_settings           [  -0.01578] color: 16 (rgba 5650), depth: 24, stencil: 8, acc: 0000, samples: 0/0
display  D   display_settings.c:227  _al_score_display_settings       [  -0.01576] Vsync requirement not met.
display  D   display_settings.c:191  debug_display_settings           [  -0.01573] color: 16 (rgba 5650), depth: 24, stencil: 8, acc: 0000, samples: 2/1
display  D   display_settings.c:227  _al_score_display_settings       [  -0.01569] Vsync requirement not met.
display  D   display_settings.c:191  debug_display_settings           [  -0.01566] color: 16 (rgba 5650), depth: 24, stencil: 8, acc: 0000, samples: 3/1
display  D   display_settings.c:227  _al_score_display_settings       [  -0.01564] Vsync requirement not met.
display  D   display_settings.c:191  debug_display_settings           [  -0.01562] color: 16 (rgba 5650), depth: 24, stencil: 8, acc: 0000, samples: 4/1
display  D   display_settings.c:227  _al_score_display_settings       [  -0.01560] Vsync requirement not met.
display  D   display_settings.c:191  debug_display_settings           [  -0.01558] color: 16 (rgba 5650), depth: 24, stencil: 8, acc: 0000, samples: 5/1
display  D   display_settings.c:227  _al_score_display_settings       [  -0.01555] Vsync requirement not met.
display  D   display_settings.c:191  debug_display_settings           [  -0.01553] color: 16 (rgba 5650), depth: 24, stencil: 8, acc: 0000, samples: 6/1
display  D   display_settings.c:227  _al_score_display_settings       [  -0.01551] Vsync requirement not met.
display  D   display_settings.c:191  debug_display_settings           [  -0.01549] color: 16 (rgba 5650), depth: 24, stencil: 8, acc: 0000, samples: 7/1
display  D   display_settings.c:227  _al_score_display_settings       [  -0.01547] Vsync requirement not met.
display  D   display_settings.c:191  debug_display_settings           [  -0.01544] color: 16 (rgba 5650), depth: 24, stencil: 8, acc: 0000, samples: 8/1
display  D   display_settings.c:227  _al_score_display_settings       [  -0.01542] Vsync requirement not met.
display  D   display_settings.c:191  debug_display_settings           [  -0.01540] color: 16 (rgba 5650), depth: 24, stencil: 0, acc: 0000, samples: 0/0
display  D   display_settings.c:227  _al_score_display_settings       [  -0.01538] Vsync requirement not met.
display  D   display_settings.c:191  debug_display_settings           [  -0.01536] color: 16 (rgba 5650), depth: 24, stencil: 0, acc: 0000, samples: 0/0
display  D   display_settings.c:227  _al_score_display_settings       [  -0.01533] Vsync requirement not met.
display  D   display_settings.c:191  debug_display_settings           [  -0.01531] color: 16 (rgba 5650), depth: 24, stencil: 0, acc: 0000, samples: 2/1
display  D   display_settings.c:227  _al_score_display_settings       [  -0.01529] Vsync requirement not met.
display  D   display_settings.c:191  debug_display_settings           [  -0.01527] color: 16 (rgba 5650), depth: 24, stencil: 0, acc: 0000, samples: 3/1
display  D   display_settings.c:227  _al_score_display_settings       [  -0.01525] Vsync requirement not met.
display  D   display_settings.c:191  debug_display_settings           [  -0.01523] color: 16 (rgba 5650), depth: 24, stencil: 0, acc: 0000, samples: 4/1
display  D   display_settings.c:227  _al_score_display_settings       [  -0.01520] Vsync requirement not met.
display  D   display_settings.c:191  debug_display_settings           [  -0.01518] color: 16 (rgba 5650), depth: 24, stencil: 0, acc: 0000, samples: 5/1
display  D   display_settings.c:227  _al_score_display_settings       [  -0.01516] Vsync requirement not met.
display  D   display_settings.c:191  debug_display_settings           [  -0.01514] color: 16 (rgba 5650), depth: 24, stencil: 0, acc: 0000, samples: 6/1
display  D   display_settings.c:227  _al_score_display_settings       [  -0.01512] Vsync requirement not met.
display  D   display_settings.c:191  debug_display_settings           [  -0.01510] color: 16 (rgba 5650), depth: 24, stencil: 0, acc: 0000, samples: 7/1
display  D   display_settings.c:227  _al_score_display_settings       [  -0.01507] Vsync requirement not met.
display  D   display_settings.c:191  debug_display_settings           [  -0.01505] color: 16 (rgba 5650), depth: 24, stencil: 0, acc: 0000, samples: 8/1
display  D   display_settings.c:227  _al_score_display_settings       [  -0.01503] Vsync requirement not met.
display  D   display_settings.c:191  debug_display_settings           [  -0.01501] color: 16 (rgba 5650), depth: 16, stencil: 0, acc: 0000, samples: 0/0
display  D   display_settings.c:227  _al_score_display_settings       [  -0.01498] Vsync requirement not met.
display  D   display_settings.c:191  debug_display_settings           [  -0.01496] color: 16 (rgba 5650), depth: 16, stencil: 0, acc: 0000, samples: 0/0
display  D   display_settings.c:227  _al_score_display_settings       [  -0.01494] Vsync requirement not met.
display  D   display_settings.c:191  debug_display_settings           [  -0.01492] color: 16 (rgba 5650), depth: 16, stencil: 0, acc: 0000, samples: 2/1
display  D   display_settings.c:227  _al_score_display_settings       [  -0.01489] Vsync requirement not met.
display  D   display_settings.c:191  debug_display_settings           [  -0.01487] color: 16 (rgba 5650), depth: 16, stencil: 0, acc: 0000, samples: 3/1
display  D   display_settings.c:227  _al_score_display_settings       [  -0.01485] Vsync requirement not met.
display  D   display_settings.c:191  debug_display_settings           [  -0.01483] color: 16 (rgba 5650), depth: 16, stencil: 0, acc: 0000, samples: 4/1
display  D   display_settings.c:227  _al_score_display_settings       [  -0.01481] Vsync requirement not met.
display  D   display_settings.c:191  debug_display_settings           [  -0.01479] color: 16 (rgba 5650), depth: 16, stencil: 0, acc: 0000, samples: 5/1
display  D   display_settings.c:227  _al_score_display_settings       [  -0.01476] Vsync requirement not met.
display  D   display_settings.c:191  debug_display_settings           [  -0.01474] color: 16 (rgba 5650), depth: 16, stencil: 0, acc: 0000, samples: 6/1
display  D   display_settings.c:227  _al_score_display_settings       [  -0.01472] Vsync requirement not met.
display  D   display_settings.c:191  debug_display_settings           [  -0.01469] color: 16 (rgba 5650), depth: 16, stencil: 0, acc: 0000, samples: 7/1
display  D   display_settings.c:227  _al_score_display_settings       [  -0.01467] Vsync requirement not met.
display  D   display_settings.c:191  debug_display_settings           [  -0.01465] color: 16 (rgba 5650), depth: 16, stencil: 0, acc: 0000, samples: 8/1
display  D   display_settings.c:227  _al_score_display_settings       [  -0.01462] Vsync requirement not met.
display  D   display_settings.c:191  debug_display_settings           [  -0.01460] color: 32 (rgba 8880), depth: 0, stencil: 0, acc: 0000, samples: 0/0
display  D   display_settings.c:506  _al_score_display_settings       [  -0.01458] Score is : 897
display  D   display_settings.c:191  debug_display_settings           [  -0.01456] color: 32 (rgba 8880), depth: 0, stencil: 0, acc: 0000, samples: 0/0
display  D   display_settings.c:506  _al_score_display_settings       [  -0.01453] Score is : 897
display  D   display_settings.c:191  debug_display_settings           [  -0.01451] color: 32 (rgba 8880), depth: 0, stencil: 0, acc: 0000, samples: 2/1
display  D   display_settings.c:506  _al_score_display_settings       [  -0.01448] Score is : 726
display  D   display_settings.c:191  debug_display_settings           [  -0.01446] color: 32 (rgba 8880), depth: 0, stencil: 0, acc: 0000, samples: 3/1
display  D   display_settings.c:506  _al_score_display_settings       [  -0.01443] Score is : 721
display  D   display_settings.c:191  debug_display_settings           [  -0.01441] color: 32 (rgba 8880), depth: 0, stencil: 0, acc: 0000, samples: 4/1
display  D   display_settings.c:506  _al_score_display_settings       [  -0.01439] Score is : 717
display  D   display_settings.c:191  debug_display_settings           [  -0.01437] color: 32 (rgba 8880), depth: 0, stencil: 0, acc: 0000, samples: 5/1
display  D   display_settings.c:506  _al_score_display_settings       [  -0.01434] Score is : 715
display  D   display_settings.c:191  debug_display_settings           [  -0.01432] color: 32 (rgba 8880), depth: 0, stencil: 0, acc: 0000, samples: 6/1
display  D   display_settings.c:506  _al_score_display_settings       [  -0.01430] Score is : 714
display  D   display_settings.c:191  debug_display_settings           [  -0.01428] color: 32 (rgba 8880), depth: 0, stencil: 0, acc: 0000, samples: 7/1
display  D   display_settings.c:506  _al_score_display_settings       [  -0.01425] Score is : 713
display  D   display_settings.c:191  debug_display_settings           [  -0.01424] color: 32 (rgba 8880), depth: 0, stencil: 0, acc: 0000, samples: 8/1
display  D   display_settings.c:506  _al_score_display_settings       [  -0.01421] Score is : 712
display  D   display_settings.c:191  debug_display_settings           [  -0.01419] color: 32 (rgba 8880), depth: 24, stencil: 8, acc: 0000, samples: 0/0
display  D   display_settings.c:506  _al_score_display_settings       [  -0.01417] Score is : 897
display  D   display_settings.c:191  debug_display_settings           [  -0.01415] color: 32 (rgba 8880), depth: 24, stencil: 8, acc: 0000, samples: 0/0
display  D   display_settings.c:506  _al_score_display_settings       [  -0.01413] Score is : 897
display  D   display_settings.c:191  debug_display_settings           [  -0.01411] color: 32 (rgba 8880), depth: 24, stencil: 8, acc: 0000, samples: 2/1
display  D   display_settings.c:506  _al_score_display_settings       [  -0.01408] Score is : 726
display  D   display_settings.c:191  debug_display_settings           [  -0.01406] color: 32 (rgba 8880), depth: 24, stencil: 8, acc: 0000, samples: 3/1
display  D   display_settings.c:506  _al_score_display_settings       [  -0.01404] Score is : 721
display  D   display_settings.c:191  debug_display_settings           [  -0.01402] color: 32 (rgba 8880), depth: 24, stencil: 8, acc: 0000, samples: 4/1
display  D   display_settings.c:506  _al_score_display_settings       [  -0.01400] Score is : 717
display  D   display_settings.c:191  debug_display_settings           [  -0.01398] color: 32 (rgba 8880), depth: 24, stencil: 8, acc: 0000, samples: 5/1
display  D   display_settings.c:506  _al_score_display_settings       [  -0.01395] Score is : 715
display  D   display_settings.c:191  debug_display_settings           [  -0.01393] color: 32 (rgba 8880), depth: 24, stencil: 8, acc: 0000, samples: 6/1
display  D   display_settings.c:506  _al_score_display_settings       [  -0.01391] Score is : 714
display  D   display_settings.c:191  debug_display_settings           [  -0.01389] color: 32 (rgba 8880), depth: 24, stencil: 8, acc: 0000, samples: 7/1
display  D   display_settings.c:506  _al_score_display_settings       [  -0.01387] Score is : 713
display  D   display_settings.c:191  debug_display_settings           [  -0.01385] color: 32 (rgba 8880), depth: 24, stencil: 8, acc: 0000, samples: 8/1
display  D   display_settings.c:506  _al_score_display_settings       [  -0.01382] Score is : 712
display  D   display_settings.c:191  debug_display_settings           [  -0.01380] color: 32 (rgba 8880), depth: 24, stencil: 0, acc: 0000, samples: 0/0
display  D   display_settings.c:506  _al_score_display_settings       [  -0.01378] Score is : 897
display  D   display_settings.c:191  debug_display_settings           [  -0.01376] color: 32 (rgba 8880), depth: 24, stencil: 0, acc: 0000, samples: 0/0
display  D   display_settings.c:506  _al_score_display_settings       [  -0.01373] Score is : 897
display  D   display_settings.c:191  debug_display_settings           [  -0.01372] color: 32 (rgba 8880), depth: 24, stencil: 0, acc: 0000, samples: 2/1
display  D   display_settings.c:506  _al_score_display_settings       [  -0.01369] Score is : 726
display  D   display_settings.c:191  debug_display_settings           [  -0.01367] color: 32 (rgba 8880), depth: 24, stencil: 0, acc: 0000, samples: 3/1
display  D   display_settings.c:506  _al_score_display_settings       [  -0.01365] Score is : 721
display  D   display_settings.c:191  debug_display_settings           [  -0.01363] color: 32 (rgba 8880), depth: 24, stencil: 0, acc: 0000, samples: 4/1
display  D   display_settings.c:506  _al_score_display_settings       [  -0.01360] Score is : 717
display  D   display_settings.c:191  debug_display_settings           [  -0.01358] color: 32 (rgba 8880), depth: 24, stencil: 0, acc: 0000, samples: 5/1
display  D   display_settings.c:506  _al_score_display_settings       [  -0.01356] Score is : 715
display  D   display_settings.c:191  debug_display_settings           [  -0.01354] color: 32 (rgba 8880), depth: 24, stencil: 0, acc: 0000, samples: 6/1
display  D   display_settings.c:506  _al_score_display_settings       [  -0.01351] Score is : 714
display  D   display_settings.c:191  debug_display_settings           [  -0.01349] color: 32 (rgba 8880), depth: 24, stencil: 0, acc: 0000, samples: 7/1
display  D   display_settings.c:506  _al_score_display_settings       [  -0.01347] Score is : 713
display  D   display_settings.c:191  debug_display_settings           [  -0.01345] color: 32 (rgba 8880), depth: 24, stencil: 0, acc: 0000, samples: 8/1
display  D   display_settings.c:506  _al_score_display_settings       [  -0.01343] Score is : 712
display  D   display_settings.c:191  debug_display_settings           [  -0.01341] color: 32 (rgba 8880), depth: 16, stencil: 0, acc: 0000, samples: 0/0
display  D   display_settings.c:506  _al_score_display_settings       [  -0.01338] Score is : 897
display  D   display_settings.c:191  debug_display_settings           [  -0.01336] color: 32 (rgba 8880), depth: 16, stencil: 0, acc: 0000, samples: 0/0
display  D   display_settings.c:506  _al_score_display_settings       [  -0.01334] Score is : 897
display  D   display_settings.c:191  debug_display_settings           [  -0.01332] color: 32 (rgba 8880), depth: 16, stencil: 0, acc: 0000, samples: 2/1
display  D   display_settings.c:506  _al_score_display_settings       [  -0.01330] Score is : 726
display  D   display_settings.c:191  debug_display_settings           [  -0.01328] color: 32 (rgba 8880), depth: 16, stencil: 0, acc: 0000, samples: 3/1
display  D   display_settings.c:506  _al_score_display_settings       [  -0.01325] Score is : 721
display  D   display_settings.c:191  debug_display_settings           [  -0.01323] color: 32 (rgba 8880), depth: 16, stencil: 0, acc: 0000, samples: 4/1
display  D   display_settings.c:506  _al_score_display_settings       [  -0.01321] Score is : 717
display  D   display_settings.c:191  debug_display_settings           [  -0.01319] color: 32 (rgba 8880), depth: 16, stencil: 0, acc: 0000, samples: 5/1
display  D   display_settings.c:506  _al_score_display_settings       [  -0.01317] Score is : 715
display  D   display_settings.c:191  debug_display_settings           [  -0.01315] color: 32 (rgba 8880), depth: 16, stencil: 0, acc: 0000, samples: 6/1
display  D   display_settings.c:506  _al_score_display_settings       [  -0.01313] Score is : 714
display  D   display_settings.c:191  debug_display_settings           [  -0.01311] color: 32 (rgba 8880), depth: 16, stencil: 0, acc: 0000, samples: 7/1
display  D   display_settings.c:506  _al_score_display_settings       [  -0.01308] Score is : 713
display  D   display_settings.c:191  debug_display_settings           [  -0.01306] color: 32 (rgba 8880), depth: 16, stencil: 0, acc: 0000, samples: 8/1
display  D   display_settings.c:506  _al_score_display_settings       [  -0.01304] Score is : 712
display  D   display_settings.c:191  debug_display_settings           [  -0.01302] color: 16 (rgba 5650), depth: 0, stencil: 0, acc: 0000, samples: 0/0
display  D   display_settings.c:506  _al_score_display_settings       [  -0.01300] Score is : 897
display  D   display_settings.c:191  debug_display_settings           [  -0.01298] color: 16 (rgba 5650), depth: 0, stencil: 0, acc: 0000, samples: 0/0
display  D   display_settings.c:506  _al_score_display_settings       [  -0.01295] Score is : 897
display  D   display_settings.c:191  debug_display_settings           [  -0.01293] color: 16 (rgba 5650), depth: 0, stencil: 0, acc: 0000, samples: 2/1
display  D   display_settings.c:506  _al_score_display_settings       [  -0.01291] Score is : 726
display  D   display_settings.c:191  debug_display_settings           [  -0.01289] color: 16 (rgba 5650), depth: 0, stencil: 0, acc: 0000, samples: 3/1
display  D   display_settings.c:506  _al_score_display_settings       [  -0.01286] Score is : 721
display  D   display_settings.c:191  debug_display_settings           [  -0.01284] color: 16 (rgba 5650), depth: 0, stencil: 0, acc: 0000, samples: 4/1
display  D   display_settings.c:506  _al_score_display_settings       [  -0.01282] Score is : 717
display  D   display_settings.c:191  debug_display_settings           [  -0.01280] color: 16 (rgba 5650), depth: 0, stencil: 0, acc: 0000, samples: 5/1
display  D   display_settings.c:506  _al_score_display_settings       [  -0.01278] Score is : 715
display  D   display_settings.c:191  debug_display_settings           [  -0.01276] color: 16 (rgba 5650), depth: 0, stencil: 0, acc: 0000, samples: 6/1
display  D   display_settings.c:506  _al_score_display_settings       [  -0.01274] Score is : 714
display  D   display_settings.c:191  debug_display_settings           [  -0.01272] color: 16 (rgba 5650), depth: 0, stencil: 0, acc: 0000, samples: 7/1
display  D   display_settings.c:506  _al_score_display_settings       [  -0.01269] Score is : 713
display  D   display_settings.c:191  debug_display_settings           [  -0.01267] color: 16 (rgba 5650), depth: 0, stencil: 0, acc: 0000, samples: 8/1
display  D   display_settings.c:506  _al_score_display_settings       [  -0.01264] Score is : 712
display  D   display_settings.c:191  debug_display_settings           [  -0.01263] color: 16 (rgba 5650), depth: 24, stencil: 8, acc: 0000, samples: 0/0
display  D   display_settings.c:506  _al_score_display_settings       [  -0.01260] Score is : 897
display  D   display_settings.c:191  debug_display_settings           [  -0.01258] color: 16 (rgba 5650), depth: 24, stencil: 8, acc: 0000, samples: 0/0
display  D   display_settings.c:506  _al_score_display_settings       [  -0.01256] Score is : 897
display  D   display_settings.c:191  debug_display_settings           [  -0.01254] color: 16 (rgba 5650), depth: 24, stencil: 8, acc: 0000, samples: 2/1
display  D   display_settings.c:506  _al_score_display_settings       [  -0.01252] Score is : 726
display  D   display_settings.c:191  debug_display_settings           [  -0.01250] color: 16 (rgba 5650), depth: 24, stencil: 8, acc: 0000, samples: 3/1
display  D   display_settings.c:506  _al_score_display_settings       [  -0.01247] Score is : 721
display  D   display_settings.c:191  debug_display_settings           [  -0.01245] color: 16 (rgba 5650), depth: 24, stencil: 8, acc: 0000, samples: 4/1
display  D   display_settings.c:506  _al_score_display_settings       [  -0.01243] Score is : 717
display  D   display_settings.c:191  debug_display_settings           [  -0.01241] color: 16 (rgba 5650), depth: 24, stencil: 8, acc: 0000, samples: 5/1
display  D   display_settings.c:506  _al_score_display_settings       [  -0.01239] Score is : 715
display  D   display_settings.c:191  debug_display_settings           [  -0.01237] color: 16 (rgba 5650), depth: 24, stencil: 8, acc: 0000, samples: 6/1
display  D   display_settings.c:506  _al_score_display_settings       [  -0.01234] Score is : 714
display  D   display_settings.c:191  debug_display_settings           [  -0.01232] color: 16 (rgba 5650), depth: 24, stencil: 8, acc: 0000, samples: 7/1
display  D   display_settings.c:506  _al_score_display_settings       [  -0.01230] Score is : 713
display  D   display_settings.c:191  debug_display_settings           [  -0.01228] color: 16 (rgba 5650), depth: 24, stencil: 8, acc: 0000, samples: 8/1
display  D   display_settings.c:506  _al_score_display_settings       [  -0.01226] Score is : 712
display  D   display_settings.c:191  debug_display_settings           [  -0.01224] color: 16 (rgba 5650), depth: 24, stencil: 0, acc: 0000, samples: 0/0
display  D   display_settings.c:506  _al_score_display_settings       [  -0.01221] Score is : 897
display  D   display_settings.c:191  debug_display_settings           [  -0.01219] color: 16 (rgba 5650), depth: 24, stencil: 0, acc: 0000, samples: 0/0
display  D   display_settings.c:506  _al_score_display_settings       [  -0.01217] Score is : 897
display  D   display_settings.c:191  debug_display_settings           [  -0.01215] color: 16 (rgba 5650), depth: 24, stencil: 0, acc: 0000, samples: 2/1
display  D   display_settings.c:506  _al_score_display_settings       [  -0.01212] Score is : 726
display  D   display_settings.c:191  debug_display_settings           [  -0.01211] color: 16 (rgba 5650), depth: 24, stencil: 0, acc: 0000, samples: 3/1
display  D   display_settings.c:506  _al_score_display_settings       [  -0.01208] Score is : 721
display  D   display_settings.c:191  debug_display_settings           [  -0.01206] color: 16 (rgba 5650), depth: 24, stencil: 0, acc: 0000, samples: 4/1
display  D   display_settings.c:506  _al_score_display_settings       [  -0.01204] Score is : 717
display  D   display_settings.c:191  debug_display_settings           [  -0.01202] color: 16 (rgba 5650), depth: 24, stencil: 0, acc: 0000, samples: 5/1
display  D   display_settings.c:506  _al_score_display_settings       [  -0.01200] Score is : 715
display  D   display_settings.c:191  debug_display_settings           [  -0.01198] color: 16 (rgba 5650), depth: 24, stencil: 0, acc: 0000, samples: 6/1
display  D   display_settings.c:506  _al_score_display_settings       [  -0.01195] Score is : 714
display  D   display_settings.c:191  debug_display_settings           [  -0.01193] color: 16 (rgba 5650), depth: 24, stencil: 0, acc: 0000, samples: 7/1
display  D   display_settings.c:506  _al_score_display_settings       [  -0.01191] Score is : 713
display  D   display_settings.c:191  debug_display_settings           [  -0.01189] color: 16 (rgba 5650), depth: 24, stencil: 0, acc: 0000, samples: 8/1
display  D   display_settings.c:506  _al_score_display_settings       [  -0.01187] Score is : 712
display  D   display_settings.c:191  debug_display_settings           [  -0.01185] color: 16 (rgba 5650), depth: 16, stencil: 0, acc: 0000, samples: 0/0
display  D   display_settings.c:506  _al_score_display_settings       [  -0.01182] Score is : 897
display  D   display_settings.c:191  debug_display_settings           [  -0.01180] color: 16 (rgba 5650), depth: 16, stencil: 0, acc: 0000, samples: 0/0
display  D   display_settings.c:506  _al_score_display_settings       [  -0.01178] Score is : 897
display  D   display_settings.c:191  debug_display_settings           [  -0.01176] color: 16 (rgba 5650), depth: 16, stencil: 0, acc: 0000, samples: 2/1
display  D   display_settings.c:506  _al_score_display_settings       [  -0.01174] Score is : 726
display  D   display_settings.c:191  debug_display_settings           [  -0.01172] color: 16 (rgba 5650), depth: 16, stencil: 0, acc: 0000, samples: 3/1
display  D   display_settings.c:506  _al_score_display_settings       [  -0.01169] Score is : 721
display  D   display_settings.c:191  debug_display_settings           [  -0.01168] color: 16 (rgba 5650), depth: 16, stencil: 0, acc: 0000, samples: 4/1
display  D   display_settings.c:506  _al_score_display_settings       [  -0.01165] Score is : 717
display  D   display_settings.c:191  debug_display_settings           [  -0.01163] color: 16 (rgba 5650), depth: 16, stencil: 0, acc: 0000, samples: 5/1
display  D   display_settings.c:506  _al_score_display_settings       [  -0.01160] Score is : 715
display  D   display_settings.c:191  debug_display_settings           [  -0.01159] color: 16 (rgba 5650), depth: 16, stencil: 0, acc: 0000, samples: 6/1
display  D   display_settings.c:506  _al_score_display_settings       [  -0.01156] Score is : 714
display  D   display_settings.c:191  debug_display_settings           [  -0.01154] color: 16 (rgba 5650), depth: 16, stencil: 0, acc: 0000, samples: 7/1
display  D   display_settings.c:506  _al_score_display_settings       [  -0.01152] Score is : 713
display  D   display_settings.c:191  debug_display_settings           [  -0.01150] color: 16 (rgba 5650), depth: 16, stencil: 0, acc: 0000, samples: 8/1
display  D   display_settings.c:506  _al_score_display_settings       [  -0.01147] Score is : 712
display  D   display_settings.c:191  debug_display_settings           [  -0.01145] color: 32 (rgba 8880), depth: 0, stencil: 0, acc: 0000, samples: 0/0
display  D   display_settings.c:377  _al_score_display_settings       [  -0.01143] Single Buffer requirement not met.
display  D   display_settings.c:191  debug_display_settings           [  -0.01141] color: 32 (rgba 8880), depth: 0, stencil: 0, acc: 0000, samples: 0/0
display  D   display_settings.c:377  _al_score_display_settings       [  -0.01139] Single Buffer requirement not met.
display  D   display_settings.c:191  debug_display_settings           [  -0.01137] color: 32 (rgba 8880), depth: 0, stencil: 0, acc: 0000, samples: 2/1
display  D   display_settings.c:377  _al_score_display_settings       [  -0.01134] Single Buffer requirement not met.
display  D   display_settings.c:191  debug_display_settings           [  -0.01132] color: 32 (rgba 8880), depth: 0, stencil: 0, acc: 0000, samples: 3/1
display  D   display_settings.c:377  _al_score_display_settings       [  -0.01130] Single Buffer requirement not met.
display  D   display_settings.c:191  debug_display_settings           [  -0.01128] color: 32 (rgba 8880), depth: 0, stencil: 0, acc: 0000, samples: 4/1
display  D   display_settings.c:377  _al_score_display_settings       [  -0.01126] Single Buffer requirement not met.
display  D   display_settings.c:191  debug_display_settings           [  -0.01124] color: 32 (rgba 8880), depth: 0, stencil: 0, acc: 0000, samples: 5/1
display  D   display_settings.c:377  _al_score_display_settings       [  -0.01121] Single Buffer requirement not met.
display  D   display_settings.c:191  debug_display_settings           [  -0.01119] color: 32 (rgba 8880), depth: 0, stencil: 0, acc: 0000, samples: 6/1
display  D   display_settings.c:377  _al_score_display_settings       [  -0.01117] Single Buffer requirement not met.
display  D   display_settings.c:191  debug_display_settings           [  -0.01115] color: 32 (rgba 8880), depth: 0, stencil: 0, acc: 0000, samples: 7/1
display  D   display_settings.c:377  _al_score_display_settings       [  -0.01113] Single Buffer requirement not met.
display  D   display_settings.c:191  debug_display_settings           [  -0.01110] color: 32 (rgba 8880), depth: 0, stencil: 0, acc: 0000, samples: 8/1
display  D   display_settings.c:377  _al_score_display_settings       [  -0.01108] Single Buffer requirement not met.
display  D   display_settings.c:191  debug_display_settings           [  -0.01106] color: 32 (rgba 8880), depth: 24, stencil: 8, acc: 0000, samples: 0/0
display  D   display_settings.c:377  _al_score_display_settings       [  -0.01104] Single Buffer requirement not met.
display  D   display_settings.c:191  debug_display_settings           [  -0.01102] color: 32 (rgba 8880), depth: 24, stencil: 8, acc: 0000, samples: 0/0
display  D   display_settings.c:377  _al_score_display_settings       [  -0.01099] Single Buffer requirement not met.
display  D   display_settings.c:191  debug_display_settings           [  -0.01097] color: 32 (rgba 8880), depth: 24, stencil: 8, acc: 0000, samples: 2/1
display  D   display_settings.c:377  _al_score_display_settings       [  -0.01095] Single Buffer requirement not met.
display  D   display_settings.c:191  debug_display_settings           [  -0.01093] color: 32 (rgba 8880), depth: 24, stencil: 8, acc: 0000, samples: 3/1
display  D   display_settings.c:377  _al_score_display_settings       [  -0.01090] Single Buffer requirement not met.
display  D   display_settings.c:191  debug_display_settings           [  -0.01088] color: 32 (rgba 8880), depth: 24, stencil: 8, acc: 0000, samples: 4/1
display  D   display_settings.c:377  _al_score_display_settings       [  -0.01086] Single Buffer requirement not met.
display  D   display_settings.c:191  debug_display_settings           [  -0.01084] color: 32 (rgba 8880), depth: 24, stencil: 8, acc: 0000, samples: 5/1
display  D   display_settings.c:377  _al_score_display_settings       [  -0.01082] Single Buffer requirement not met.
display  D   display_settings.c:191  debug_display_settings           [  -0.01079] color: 32 (rgba 8880), depth: 24, stencil: 8, acc: 0000, samples: 6/1
display  D   display_settings.c:377  _al_score_display_settings       [  -0.01077] Single Buffer requirement not met.
display  D   display_settings.c:191  debug_display_settings           [  -0.01075] color: 32 (rgba 8880), depth: 24, stencil: 8, acc: 0000, samples: 7/1
display  D   display_settings.c:377  _al_score_display_settings       [  -0.01073] Single Buffer requirement not met.
display  D   display_settings.c:191  debug_display_settings           [  -0.01071] color: 32 (rgba 8880), depth: 24, stencil: 8, acc: 0000, samples: 8/1
display  D   display_settings.c:377  _al_score_display_settings       [  -0.01068] Single Buffer requirement not met.
display  D   display_settings.c:191  debug_display_settings           [  -0.01066] color: 32 (rgba 8880), depth: 24, stencil: 0, acc: 0000, samples: 0/0
display  D   display_settings.c:377  _al_score_display_settings       [  -0.01064] Single Buffer requirement not met.
display  D   display_settings.c:191  debug_display_settings           [  -0.01062] color: 32 (rgba 8880), depth: 24, stencil: 0, acc: 0000, samples: 0/0
display  D   display_settings.c:377  _al_score_display_settings       [  -0.01059] Single Buffer requirement not met.
display  D   display_settings.c:191  debug_display_settings           [  -0.01057] color: 32 (rgba 8880), depth: 24, stencil: 0, acc: 0000, samples: 2/1
display  D   display_settings.c:377  _al_score_display_settings       [  -0.01055] Single Buffer requirement not met.
display  D   display_settings.c:191  debug_display_settings           [  -0.01052] color: 32 (rgba 8880), depth: 24, stencil: 0, acc: 0000, samples: 3/1
display  D   display_settings.c:377  _al_score_display_settings       [  -0.01050] Single Buffer requirement not met.
display  D   display_settings.c:191  debug_display_settings           [  -0.01048] color: 32 (rgba 8880), depth: 24, stencil: 0, acc: 0000, samples: 4/1
display  D   display_settings.c:377  _al_score_display_settings       [  -0.01045] Single Buffer requirement not met.
display  D   display_settings.c:191  debug_display_settings           [  -0.01043] color: 32 (rgba 8880), depth: 24, stencil: 0, acc: 0000, samples: 5/1
display  D   display_settings.c:377  _al_score_display_settings       [  -0.01041] Single Buffer requirement not met.
display  D   display_settings.c:191  debug_display_settings           [  -0.01039] color: 32 (rgba 8880), depth: 24, stencil: 0, acc: 0000, samples: 6/1
display  D   display_settings.c:377  _al_score_display_settings       [  -0.01036] Single Buffer requirement not met.
display  D   display_settings.c:191  debug_display_settings           [  -0.01034] color: 32 (rgba 8880), depth: 24, stencil: 0, acc: 0000, samples: 7/1
display  D   display_settings.c:377  _al_score_display_settings       [  -0.01032] Single Buffer requirement not met.
display  D   display_settings.c:191  debug_display_settings           [  -0.01029] color: 32 (rgba 8880), depth: 24, stencil: 0, acc: 0000, samples: 8/1
display  D   display_settings.c:377  _al_score_display_settings       [  -0.01027] Single Buffer requirement not met.
display  D   display_settings.c:191  debug_display_settings           [  -0.01025] color: 32 (rgba 8880), depth: 16, stencil: 0, acc: 0000, samples: 0/0
display  D   display_settings.c:377  _al_score_display_settings       [  -0.01022] Single Buffer requirement not met.
display  D   display_settings.c:191  debug_display_settings           [  -0.01020] color: 32 (rgba 8880), depth: 16, stencil: 0, acc: 0000, samples: 0/0
display  D   display_settings.c:377  _al_score_display_settings       [  -0.01018] Single Buffer requirement not met.
display  D   display_settings.c:191  debug_display_settings           [  -0.01016] color: 32 (rgba 8880), depth: 16, stencil: 0, acc: 0000, samples: 2/1
display  D   display_settings.c:377  _al_score_display_settings       [  -0.01012] Single Buffer requirement not met.
display  D   display_settings.c:191  debug_display_settings           [  -0.01009] color: 32 (rgba 8880), depth: 16, stencil: 0, acc: 0000, samples: 3/1
display  D   display_settings.c:377  _al_score_display_settings       [  -0.01007] Single Buffer requirement not met.
display  D   display_settings.c:191  debug_display_settings           [  -0.01005] color: 32 (rgba 8880), depth: 16, stencil: 0, acc: 0000, samples: 4/1
display  D   display_settings.c:377  _al_score_display_settings       [  -0.01002] Single Buffer requirement not met.
display  D   display_settings.c:191  debug_display_settings           [  -0.01000] color: 32 (rgba 8880), depth: 16, stencil: 0, acc: 0000, samples: 5/1
display  D   display_settings.c:377  _al_score_display_settings       [  -0.00998] Single Buffer requirement not met.
display  D   display_settings.c:191  debug_display_settings           [  -0.00996] color: 32 (rgba 8880), depth: 16, stencil: 0, acc: 0000, samples: 6/1
display  D   display_settings.c:377  _al_score_display_settings       [  -0.00993] Single Buffer requirement not met.
display  D   display_settings.c:191  debug_display_settings           [  -0.00991] color: 32 (rgba 8880), depth: 16, stencil: 0, acc: 0000, samples: 7/1
display  D   display_settings.c:377  _al_score_display_settings       [  -0.00989] Single Buffer requirement not met.
display  D   display_settings.c:191  debug_display_settings           [  -0.00987] color: 32 (rgba 8880), depth: 16, stencil: 0, acc: 0000, samples: 8/1
display  D   display_settings.c:377  _al_score_display_settings       [  -0.00985] Single Buffer requirement not met.
display  D   display_settings.c:191  debug_display_settings           [  -0.00983] color: 16 (rgba 5650), depth: 0, stencil: 0, acc: 0000, samples: 0/0
display  D   display_settings.c:377  _al_score_display_settings       [  -0.00980] Single Buffer requirement not met.
display  D   display_settings.c:191  debug_display_settings           [  -0.00978] color: 16 (rgba 5650), depth: 0, stencil: 0, acc: 0000, samples: 0/0
display  D   display_settings.c:377  _al_score_display_settings       [  -0.00976] Single Buffer requirement not met.
display  D   display_settings.c:191  debug_display_settings           [  -0.00974] color: 16 (rgba 5650), depth: 0, stencil: 0, acc: 0000, samples: 2/1
display  D   display_settings.c:377  _al_score_display_settings       [  -0.00972] Single Buffer requirement not met.
display  D   display_settings.c:191  debug_display_settings           [  -0.00970] color: 16 (rgba 5650), depth: 0, stencil: 0, acc: 0000, samples: 3/1
display  D   display_settings.c:377  _al_score_display_settings       [  -0.00967] Single Buffer requirement not met.
display  D   display_settings.c:191  debug_display_settings           [  -0.00965] color: 16 (rgba 5650), depth: 0, stencil: 0, acc: 0000, samples: 4/1
display  D   display_settings.c:377  _al_score_display_settings       [  -0.00963] Single Buffer requirement not met.
display  D   display_settings.c:191  debug_display_settings           [  -0.00961] color: 16 (rgba 5650), depth: 0, stencil: 0, acc: 0000, samples: 5/1
display  D   display_settings.c:377  _al_score_display_settings       [  -0.00959] Single Buffer requirement not met.
display  D   display_settings.c:191  debug_display_settings           [  -0.00957] color: 16 (rgba 5650), depth: 0, stencil: 0, acc: 0000, samples: 6/1
display  D   display_settings.c:377  _al_score_display_settings       [  -0.00954] Single Buffer requirement not met.
display  D   display_settings.c:191  debug_display_settings           [  -0.00952] color: 16 (rgba 5650), depth: 0, stencil: 0, acc: 0000, samples: 7/1
display  D   display_settings.c:377  _al_score_display_settings       [  -0.00950] Single Buffer requirement not met.
display  D   display_settings.c:191  debug_display_settings           [  -0.00948] color: 16 (rgba 5650), depth: 0, stencil: 0, acc: 0000, samples: 8/1
display  D   display_settings.c:377  _al_score_display_settings       [  -0.00945] Single Buffer requirement not met.
display  D   display_settings.c:191  debug_display_settings           [  -0.00943] color: 16 (rgba 5650), depth: 24, stencil: 8, acc: 0000, samples: 0/0
display  D   display_settings.c:377  _al_score_display_settings       [  -0.00941] Single Buffer requirement not met.
display  D   display_settings.c:191  debug_display_settings           [  -0.00939] color: 16 (rgba 5650), depth: 24, stencil: 8, acc: 0000, samples: 0/0
display  D   display_settings.c:377  _al_score_display_settings       [  -0.00936] Single Buffer requirement not met.
display  D   display_settings.c:191  debug_display_settings           [  -0.00934] color: 16 (rgba 5650), depth: 24, stencil: 8, acc: 0000, samples: 2/1
display  D   display_settings.c:377  _al_score_display_settings       [  -0.00932] Single Buffer requirement not met.
display  D   display_settings.c:191  debug_display_settings           [  -0.00930] color: 16 (rgba 5650), depth: 24, stencil: 8, acc: 0000, samples: 3/1
display  D   display_settings.c:377  _al_score_display_settings       [  -0.00928] Single Buffer requirement not met.
display  D   display_settings.c:191  debug_display_settings           [  -0.00925] color: 16 (rgba 5650), depth: 24, stencil: 8, acc: 0000, samples: 4/1
display  D   display_settings.c:377  _al_score_display_settings       [  -0.00923] Single Buffer requirement not met.
display  D   display_settings.c:191  debug_display_settings           [  -0.00921] color: 16 (rgba 5650), depth: 24, stencil: 8, acc: 0000, samples: 5/1
display  D   display_settings.c:377  _al_score_display_settings       [  -0.00919] Single Buffer requirement not met.
display  D   display_settings.c:191  debug_display_settings           [  -0.00917] color: 16 (rgba 5650), depth: 24, stencil: 8, acc: 0000, samples: 6/1
display  D   display_settings.c:377  _al_score_display_settings       [  -0.00914] Single Buffer requirement not met.
display  D   display_settings.c:191  debug_display_settings           [  -0.00912] color: 16 (rgba 5650), depth: 24, stencil: 8, acc: 0000, samples: 7/1
display  D   display_settings.c:377  _al_score_display_settings       [  -0.00910] Single Buffer requirement not met.
display  D   display_settings.c:191  debug_display_settings           [  -0.00908] color: 16 (rgba 5650), depth: 24, stencil: 8, acc: 0000, samples: 8/1
display  D   display_settings.c:377  _al_score_display_settings       [  -0.00906] Single Buffer requirement not met.
display  D   display_settings.c:191  debug_display_settings           [  -0.00904] color: 16 (rgba 5650), depth: 24, stencil: 0, acc: 0000, samples: 0/0
display  D   display_settings.c:377  _al_score_display_settings       [  -0.00901] Single Buffer requirement not met.
display  D   display_settings.c:191  debug_display_settings           [  -0.00899] color: 16 (rgba 5650), depth: 24, stencil: 0, acc: 0000, samples: 0/0
display  D   display_settings.c:377  _al_score_display_settings       [  -0.00897] Single Buffer requirement not met.
display  D   display_settings.c:191  debug_display_settings           [  -0.00895] color: 16 (rgba 5650), depth: 24, stencil: 0, acc: 0000, samples: 2/1
display  D   display_settings.c:377  _al_score_display_settings       [  -0.00893] Single Buffer requirement not met.
display  D   display_settings.c:191  debug_display_settings           [  -0.00891] color: 16 (rgba 5650), depth: 24, stencil: 0, acc: 0000, samples: 3/1
display  D   display_settings.c:377  _al_score_display_settings       [  -0.00888] Single Buffer requirement not met.
display  D   display_settings.c:191  debug_display_settings           [  -0.00886] color: 16 (rgba 5650), depth: 24, stencil: 0, acc: 0000, samples: 4/1
display  D   display_settings.c:377  _al_score_display_settings       [  -0.00884] Single Buffer requirement not met.
display  D   display_settings.c:191  debug_display_settings           [  -0.00882] color: 16 (rgba 5650), depth: 24, stencil: 0, acc: 0000, samples: 5/1
display  D   display_settings.c:377  _al_score_display_settings       [  -0.00879] Single Buffer requirement not met.
display  D   display_settings.c:191  debug_display_settings           [  -0.00877] color: 16 (rgba 5650), depth: 24, stencil: 0, acc: 0000, samples: 6/1
display  D   display_settings.c:377  _al_score_display_settings       [  -0.00875] Single Buffer requirement not met.
display  D   display_settings.c:191  debug_display_settings           [  -0.00873] color: 16 (rgba 5650), depth: 24, stencil: 0, acc: 0000, samples: 7/1
display  D   display_settings.c:377  _al_score_display_settings       [  -0.00870] Single Buffer requirement not met.
display  D   display_settings.c:191  debug_display_settings           [  -0.00868] color: 16 (rgba 5650), depth: 24, stencil: 0, acc: 0000, samples: 8/1
display  D   display_settings.c:377  _al_score_display_settings       [  -0.00866] Single Buffer requirement not met.
display  D   display_settings.c:191  debug_display_settings           [  -0.00864] color: 16 (rgba 5650), depth: 16, stencil: 0, acc: 0000, samples: 0/0
display  D   display_settings.c:377  _al_score_display_settings       [  -0.00862] Single Buffer requirement not met.
display  D   display_settings.c:191  debug_display_settings           [  -0.00860] color: 16 (rgba 5650), depth: 16, stencil: 0, acc: 0000, samples: 0/0
display  D   display_settings.c:377  _al_score_display_settings       [  -0.00857] Single Buffer requirement not met.
display  D   display_settings.c:191  debug_display_settings           [  -0.00855] color: 16 (rgba 5650), depth: 16, stencil: 0, acc: 0000, samples: 2/1
display  D   display_settings.c:377  _al_score_display_settings       [  -0.00853] Single Buffer requirement not met.
display  D   display_settings.c:191  debug_display_settings           [  -0.00850] color: 16 (rgba 5650), depth: 16, stencil: 0, acc: 0000, samples: 3/1
display  D   display_settings.c:377  _al_score_display_settings       [  -0.00848] Single Buffer requirement not met.
display  D   display_settings.c:191  debug_display_settings           [  -0.00846] color: 16 (rgba 5650), depth: 16, stencil: 0, acc: 0000, samples: 4/1
display  D   display_settings.c:377  _al_score_display_settings       [  -0.00843] Single Buffer requirement not met.
display  D   display_settings.c:191  debug_display_settings           [  -0.00841] color: 16 (rgba 5650), depth: 16, stencil: 0, acc: 0000, samples: 5/1
display  D   display_settings.c:377  _al_score_display_settings       [  -0.00839] Single Buffer requirement not met.
display  D   display_settings.c:191  debug_display_settings           [  -0.00837] color: 16 (rgba 5650), depth: 16, stencil: 0, acc: 0000, samples: 6/1
display  D   display_settings.c:377  _al_score_display_settings       [  -0.00835] Single Buffer requirement not met.
display  D   display_settings.c:191  debug_display_settings           [  -0.00833] color: 16 (rgba 5650), depth: 16, stencil: 0, acc: 0000, samples: 7/1
display  D   display_settings.c:377  _al_score_display_settings       [  -0.00830] Single Buffer requirement not met.
display  D   display_settings.c:191  debug_display_settings           [  -0.00828] color: 16 (rgba 5650), depth: 16, stencil: 0, acc: 0000, samples: 8/1
display  D   display_settings.c:377  _al_score_display_settings       [  -0.00826] Single Buffer requirement not met.
d3d      D         d3d_disp.cpp:1645 d3d_create_display_internals     [  -0.00819] Trying format 144.
d3d      I         d3d_disp.cpp:1326 d3d_display_thread_proc          [   0.07686] Chose a display format: 23
d3d      I         d3d_disp.cpp:1395 d3d_display_thread_proc          [   0.07691] Normal window.
d3d      I         d3d_disp.cpp:801  d3d_create_device                [   0.01218] Using no depth stencil buffer
d3d      D         d3d_disp.cpp:866  d3d_create_device                [   0.21251] BeginScene succeeded in create_device
d3d      D         d3d_disp.cpp:874  d3d_create_device                [   0.21256] Success
d3d      D         d3d_disp.cpp:1668 d3d_create_display_internals     [   0.21272] Resumed after wait.
d3d      I         d3d_disp.cpp:1701 d3d_create_display_internals     [   0.21284] Format 144 succeeded.
d3d      D         d3d_disp.cpp:1724 d3d_create_display_internals     [   0.21288] Returning d3d_display: 029193B0
d3d      D         d3d_disp.cpp:1749 d3d_create_display_locked        [   0.21290] al_display=029193B0
d3d      D         d3d_disp.cpp:1750 d3d_create_display_locked        [   0.21292] al_display->vt=029192E8
dtor     D               dtor.c:184  _al_register_destructor          [   0.21443] added dtor for object 03190F30, func 0FFD24D2
dtor     D               dtor.c:184  _al_register_destructor          [   0.21448] added dtor for object 031910E8, func 0FFD27A7
font     D                ttf.c:792  al_load_ttf_font_stretch_f       [   0.21517] Font arial.ttf loaded with pixel size 0 x 36.
font     D                ttf.c:794  al_load_ttf_font_stretch_f       [   0.21520]     ascent=33.0, descent=-8.0, height=41.0
dtor     D               dtor.c:184  _al_register_destructor          [   0.21523] added dtor for object 031A5050, func 0FFD1B3B
font     D                ttf.c:792  al_load_ttf_font_stretch_f       [   0.21624] Font arial.ttf loaded with pixel size 0 x 72.
font     D                ttf.c:794  al_load_ttf_font_stretch_f       [   0.21627]     ascent=65.0, descent=-15.0, height=83.0
dtor     D               dtor.c:184  _al_register_destructor          [   0.21630] added dtor for object 0650D2A8, func 0FFD1B3B
d3d      D         d3d_disp.cpp:1166 real_choose_bitmap_format        [   0.21863] Fake format
d3d      D         d3d_disp.cpp:1166 real_choose_bitmap_format        [   0.21866] Fake format
d3d      D         d3d_disp.cpp:1166 real_choose_bitmap_format        [   0.21868] Fake format
d3d      D         d3d_disp.cpp:1166 real_choose_bitmap_format        [   0.21870] Fake format
d3d      D         d3d_disp.cpp:1166 real_choose_bitmap_format        [   0.21872] Fake format
d3d      D         d3d_disp.cpp:1166 real_choose_bitmap_format        [   0.21874] Fake format
d3d      D         d3d_disp.cpp:1166 real_choose_bitmap_format        [   0.21876] Fake format
d3d      D         d3d_disp.cpp:1166 real_choose_bitmap_format        [   0.21878] Fake format
d3d      D         d3d_disp.cpp:1166 real_choose_bitmap_format        [   0.21880] Fake format
d3d      D         d3d_disp.cpp:1174 real_choose_bitmap_format        [   0.21881] Alpha doesn't match
d3d      D         d3d_disp.cpp:1181 real_choose_bitmap_format        [   0.21883] Adapter format is 23
d3d      D         d3d_disp.cpp:1184 real_choose_bitmap_format        [   0.21885] Found a format
d3d      I         d3d_disp.cpp:2283 _al_d3d_create_bitmap            [   0.21887] Chose bitmap format 9
dtor     D               dtor.c:184  _al_register_destructor          [   0.21913] added dtor for object 065177A8, func 0FFD2595
d3d      D          d3d_bmp.cpp:467  _al_d3d_sync_bitmap              [   0.22570] _al_d3d_sync_bitmap (system) ref count == 1
d3d      D          d3d_bmp.cpp:473  _al_d3d_sync_bitmap              [   0.22573] _al_d3d_sync_bitmap (video) ref count == 1
d3d      D         d3d_disp.cpp:1166 real_choose_bitmap_format        [   0.22629] Fake format
d3d      D         d3d_disp.cpp:1166 real_choose_bitmap_format        [   0.22632] Fake format
d3d      D         d3d_disp.cpp:1166 real_choose_bitmap_format        [   0.22633] Fake format
d3d      D         d3d_disp.cpp:1166 real_choose_bitmap_format        [   0.22635] Fake format
d3d      D         d3d_disp.cpp:1166 real_choose_bitmap_format        [   0.22637] Fake format
d3d      D         d3d_disp.cpp:1166 real_choose_bitmap_format        [   0.22639] Fake format
d3d      D         d3d_disp.cpp:1166 real_choose_bitmap_format        [   0.22641] Fake format
d3d      D         d3d_disp.cpp:1166 real_choose_bitmap_format        [   0.22643] Fake format
d3d      D         d3d_disp.cpp:1166 real_choose_bitmap_format        [   0.22645] Fake format
d3d      D         d3d_disp.cpp:1174 real_choose_bitmap_format        [   0.22647] Alpha doesn't match
d3d      D         d3d_disp.cpp:1181 real_choose_bitmap_format        [   0.22649] Adapter format is 23
d3d      D         d3d_disp.cpp:1184 real_choose_bitmap_format        [   0.22651] Found a format
d3d      I         d3d_disp.cpp:2283 _al_d3d_create_bitmap            [   0.22653] Chose bitmap format 9
dtor     D               dtor.c:184  _al_register_destructor          [   0.22667] added dtor for object 0651D568, func 0FFD2595
d3d      D          d3d_bmp.cpp:467  _al_d3d_sync_bitmap              [   0.22759] _al_d3d_sync_bitmap (system) ref count == 1
d3d      D          d3d_bmp.cpp:473  _al_d3d_sync_bitmap              [   0.22762] _al_d3d_sync_bitmap (video) ref count == 1
d3d      D         d3d_disp.cpp:1166 real_choose_bitmap_format        [   0.22791] Fake format
d3d      D         d3d_disp.cpp:1166 real_choose_bitmap_format        [   0.22794] Fake format
d3d      D         d3d_disp.cpp:1166 real_choose_bitmap_format        [   0.22796] Fake format
d3d      D         d3d_disp.cpp:1166 real_choose_bitmap_format        [   0.22797] Fake format
d3d      D         d3d_disp.cpp:1166 real_choose_bitmap_format        [   0.22799] Fake format
d3d      D         d3d_disp.cpp:1166 real_choose_bitmap_format        [   0.22801] Fake format
d3d      D         d3d_disp.cpp:1166 real_choose_bitmap_format        [   0.22803] Fake format
d3d      D         d3d_disp.cpp:1166 real_choose_bitmap_format        [   0.22805] Fake format
d3d      D         d3d_disp.cpp:1166 real_choose_bitmap_format        [   0.22807] Fake format
d3d      D         d3d_disp.cpp:1174 real_choose_bitmap_format        [   0.22809] Alpha doesn't match
d3d      D         d3d_disp.cpp:1181 real_choose_bitmap_format        [   0.22811] Adapter format is 23
d3d      D         d3d_disp.cpp:1184 real_choose_bitmap_format        [   0.22813] Found a format
d3d      I         d3d_disp.cpp:2283 _al_d3d_create_bitmap            [   0.22814] Chose bitmap format 9
dtor     D               dtor.c:184  _al_register_destructor          [   0.22830] added dtor for object 06511E98, func 0FFD2595
d3d      D          d3d_bmp.cpp:467  _al_d3d_sync_bitmap              [   0.22897] _al_d3d_sync_bitmap (system) ref count == 1
d3d      D          d3d_bmp.cpp:473  _al_d3d_sync_bitmap              [   0.22899] _al_d3d_sync_bitmap (video) ref count == 1
d3d      D         d3d_disp.cpp:1166 real_choose_bitmap_format        [   0.22936] Fake format
d3d      D         d3d_disp.cpp:1166 real_choose_bitmap_format        [   0.22938] Fake format
d3d      D         d3d_disp.cpp:1166 real_choose_bitmap_format        [   0.22940] Fake format
d3d      D         d3d_disp.cpp:1166 real_choose_bitmap_format        [   0.22942] Fake format
d3d      D         d3d_disp.cpp:1166 real_choose_bitmap_format        [   0.22944] Fake format
d3d      D         d3d_disp.cpp:1166 real_choose_bitmap_format        [   0.22946] Fake format
d3d      D         d3d_disp.cpp:1166 real_choose_bitmap_format        [   0.22948] Fake format
d3d      D         d3d_disp.cpp:1166 real_choose_bitmap_format        [   0.22950] Fake format
d3d      D         d3d_disp.cpp:1166 real_choose_bitmap_format        [   0.22951] Fake format
d3d      D         d3d_disp.cpp:1174 real_choose_bitmap_format        [   0.22953] Alpha doesn't match
d3d      D         d3d_disp.cpp:1181 real_choose_bitmap_format        [   0.22955] Adapter format is 23
d3d      D         d3d_disp.cpp:1184 real_choose_bitmap_format        [   0.22957] Found a format
d3d      I         d3d_disp.cpp:2283 _al_d3d_create_bitmap            [   0.22959] Chose bitmap format 9
dtor     D               dtor.c:184  _al_register_destructor          [   0.23408] added dtor for object 06511BE8, func 0FFD2595
d3d      D          d3d_bmp.cpp:467  _al_d3d_sync_bitmap              [   0.28794] _al_d3d_sync_bitmap (system) ref count == 1
d3d      D          d3d_bmp.cpp:473  _al_d3d_sync_bitmap              [   0.28799] _al_d3d_sync_bitmap (video) ref count == 1
d3d      D         d3d_disp.cpp:1166 real_choose_bitmap_format        [   0.38078] Fake format
d3d      D         d3d_disp.cpp:1166 real_choose_bitmap_format        [   0.38082] Fake format
d3d      D         d3d_disp.cpp:1166 real_choose_bitmap_format        [   0.38085] Fake format
d3d      D         d3d_disp.cpp:1166 real_choose_bitmap_format        [   0.38087] Fake format
d3d      D         d3d_disp.cpp:1166 real_choose_bitmap_format        [   0.38089] Fake format
d3d      D         d3d_disp.cpp:1166 real_choose_bitmap_format        [   0.38091] Fake format
d3d      D         d3d_disp.cpp:1166 real_choose_bitmap_format        [   0.38093] Fake format
d3d      D         d3d_disp.cpp:1166 real_choose_bitmap_format        [   0.38095] Fake format
d3d      D         d3d_disp.cpp:1166 real_choose_bitmap_format        [   0.38097] Fake format
d3d      D         d3d_disp.cpp:1174 real_choose_bitmap_format        [   0.38099] Alpha doesn't match
d3d      D         d3d_disp.cpp:1181 real_choose_bitmap_format        [   0.38101] Adapter format is 23
d3d      D         d3d_disp.cpp:1184 real_choose_bitmap_format        [   0.38103] Found a format
d3d      I         d3d_disp.cpp:2283 _al_d3d_create_bitmap            [   0.38105] Chose bitmap format 9
font     D                ttf.c:217  alloc_glyph_region               [   0.38225] Glyph 54: 42x56 (44x56)
d3d      D          d3d_bmp.cpp:467  _al_d3d_sync_bitmap              [   0.39508] _al_d3d_sync_bitmap (system) ref count == 1
d3d      D          d3d_bmp.cpp:473  _al_d3d_sync_bitmap              [   0.39514] _al_d3d_sync_bitmap (video) ref count == 2
font     D                ttf.c:217  alloc_glyph_region               [   0.39547] Glyph 70: 35x42 (36x44)
font     D                ttf.c:217  alloc_glyph_region               [   0.39561] Glyph 82: 36x42 (36x44)
font     D                ttf.c:217  alloc_glyph_region               [   0.39571] Glyph 85: 22x41 (24x44)
font     D                ttf.c:217  alloc_glyph_region               [   0.39583] Glyph 72: 37x42 (40x44)
d3d      D          d3d_bmp.cpp:467  _al_d3d_sync_bitmap              [   0.52010] _al_d3d_sync_bitmap (system) ref count == 1
d3d      D          d3d_bmp.cpp:473  _al_d3d_sync_bitmap              [   0.52014] _al_d3d_sync_bitmap (video) ref count == 1
d3d      D          d3d_bmp.cpp:467  _al_d3d_sync_bitmap              [   0.43599] _al_d3d_sync_bitmap (system) ref count == 1
d3d      D          d3d_bmp.cpp:473  _al_d3d_sync_bitmap              [   0.43603] _al_d3d_sync_bitmap (video) ref count == 1
d3d      D          d3d_bmp.cpp:467  _al_d3d_sync_bitmap              [   0.43658] _al_d3d_sync_bitmap (system) ref count == 1
d3d      D          d3d_bmp.cpp:473  _al_d3d_sync_bitmap              [   0.43662] _al_d3d_sync_bitmap (video) ref count == 1
d3d      D          d3d_bmp.cpp:467  _al_d3d_sync_bitmap              [   0.43942] _al_d3d_sync_bitmap (system) ref count == 1
d3d      D          d3d_bmp.cpp:473  _al_d3d_sync_bitmap              [   0.43945] _al_d3d_sync_bitmap (video) ref count == 1
d3d      D          d3d_bmp.cpp:467  _al_d3d_sync_bitmap              [   0.44220] _al_d3d_sync_bitmap (system) ref count == 1
d3d      D          d3d_bmp.cpp:473  _al_d3d_sync_bitmap              [   0.44224] _al_d3d_sync_bitmap (video) ref count == 2
dtor     D               dtor.c:114  _al_run_destructors              [  37.93350] calling dtor for object 06511BE8, func 0FFD2595
dtor     D               dtor.c:214  _al_unregister_destructor        [  37.93355] removed dtor for object 06511BE8
dtor     D               dtor.c:114  _al_run_destructors              [  37.93694] calling dtor for object 06511E98, func 0FFD2595
dtor     D               dtor.c:214  _al_unregister_destructor        [  37.93699] removed dtor for object 06511E98
dtor     D               dtor.c:114  _al_run_destructors              [  37.93703] calling dtor for object 0651D568, func 0FFD2595
dtor     D               dtor.c:214  _al_unregister_destructor        [  37.93705] removed dtor for object 0651D568
dtor     D               dtor.c:114  _al_run_destructors              [  37.93710] calling dtor for object 065177A8, func 0FFD2595
dtor     D               dtor.c:214  _al_unregister_destructor        [  37.93712] removed dtor for object 065177A8
dtor     D               dtor.c:114  _al_run_destructors              [  37.93717] calling dtor for object 0650D2A8, func 0FFD1B3B
dtor     D               dtor.c:214  _al_unregister_destructor        [  37.93720] removed dtor for object 0650D2A8
d3d      W          d3d_bmp.cpp:743  d3d_destroy_bitmap               [  37.93741] d3d_destroy_bitmap: Release video texture failed.
dtor     D               dtor.c:114  _al_run_destructors              [  37.93797] calling dtor for object 031A5050, func 0FFD1B3B
dtor     D               dtor.c:214  _al_unregister_destructor        [  37.93800] removed dtor for object 031A5050
dtor     D               dtor.c:114  _al_run_destructors              [  37.93819] calling dtor for object 031910E8, func 0FFD27A7
dtor     D               dtor.c:214  _al_unregister_destructor        [  37.93822] removed dtor for object 031910E8
dtor     D               dtor.c:114  _al_run_destructors              [  37.93826] calling dtor for object 03190F30, func 0FFD24D2
dtor     D               dtor.c:214  _al_unregister_destructor        [  37.96379] removed dtor for object 03190F30
d3d      I         d3d_disp.cpp:921  d3d_destroy_display              [  37.96600] destroying display 029193B0 (current 00000000)
d3d      D         d3d_disp.cpp:905  d3d_destroy_display_internals    [  37.96603] waiting for display 029193B0's thread to end
d3d      W         d3d_disp.cpp:617  d3d_destroy_device               [  37.97401] d3d_destroy_device: ref count not 0
d3d      I         d3d_disp.cpp:1527 d3d_display_thread_proc          [  38.10009] d3d display thread exits
