c:\users\estar_000\google drive\ysu spring 2015\csis 3700\project 1\project 1\debug\vc120.pdb
c:\users\estar_000\google drive\ysu spring 2015\csis 3700\project 1\project 1\debug\vc120.idb
c:\users\estar_000\google drive\ysu spring 2015\csis 3700\project 1\project 1\debug\main.obj
c:\users\estar_000\google drive\ysu spring 2015\csis 3700\project 1\project 1\debug\observer.obj
c:\users\estar_000\google drive\ysu spring 2015\csis 3700\project 1\project 1\debug\shell.obj
c:\users\estar_000\google drive\ysu spring 2015\csis 3700\project 1\project 1\debug\sprite.obj
c:\users\estar_000\google drive\ysu spring 2015\csis 3700\project 1\project 1\debug\subject.obj
c:\users\estar_000\google drive\ysu spring 2015\csis 3700\project 1\project 1\debug\tank.obj
c:\users\estar_000\google drive\ysu spring 2015\csis 3700\project 1\project 1\debug\tankgame.obj
c:\users\estar_000\google drive\ysu spring 2015\csis 3700\project 1\project 1\debug\vehicle.obj
c:\users\estar_000\google drive\ysu spring 2015\csis 3700\project 1\project 1\debug\world.obj
c:\users\estar_000\google drive\ysu spring 2015\csis 3700\project 1\debug\project 1.ilk
c:\users\estar_000\google drive\ysu spring 2015\csis 3700\project 1\debug\project 1.exe
c:\users\estar_000\google drive\ysu spring 2015\csis 3700\project 1\debug\project 1.pdb
d:\users\ed starkey\google drive\git repositories\project 1\project 1\debug\main.obj
d:\users\ed starkey\google drive\git repositories\project 1\project 1\debug\observer.obj
d:\users\ed starkey\google drive\git repositories\project 1\project 1\debug\shell.obj
d:\users\ed starkey\google drive\git repositories\project 1\project 1\debug\sprite.obj
d:\users\ed starkey\google drive\git repositories\project 1\project 1\debug\subject.obj
d:\users\ed starkey\google drive\git repositories\project 1\project 1\debug\tank.obj
d:\users\ed starkey\google drive\git repositories\project 1\project 1\debug\tankgame.obj
d:\users\ed starkey\google drive\git repositories\project 1\project 1\debug\vehicle.obj
d:\users\ed starkey\google drive\git repositories\project 1\project 1\debug\world.obj
d:\users\ed starkey\google drive\git repositories\project 1\project 1\debug\vc120 (1).idb
d:\users\ed starkey\google drive\git repositories\project 1\project 1\debug\vc120.idb
d:\users\ed starkey\google drive\git repositories\project 1\project 1\debug\vc120 (1).pdb
d:\users\ed starkey\google drive\git repositories\project 1\project 1\debug\vc120.pdb
d:\users\ed starkey\google drive\git repositories\project 1\debug\project 1.pdb
d:\users\ed starkey\google drive\git repositories\project 1\debug\project 1.exe
d:\users\ed starkey\google drive\git repositories\project 1\debug\project 1.ilk
d:\users\ed starkey\google drive\git repositories\project 1\project 1\debug\project 1.tlog\cl.command.1.tlog
d:\users\ed starkey\google drive\git repositories\project 1\project 1\debug\project 1.tlog\cl.read.1.tlog
d:\users\ed starkey\google drive\git repositories\project 1\project 1\debug\project 1.tlog\cl.write.1.tlog
d:\users\ed starkey\google drive\git repositories\project 1\project 1\debug\project 1.tlog\link.command.1.tlog
d:\users\ed starkey\google drive\git repositories\project 1\project 1\debug\project 1.tlog\link.read.1.tlog
d:\users\ed starkey\google drive\git repositories\project 1\project 1\debug\project 1.tlog\link.write.1.tlog
